  [1m[36mActiveRecord::SchemaMigration Load (0.8ms)[0m  [1mSELECT "schema_migrations".* FROM "schema_migrations"[0m
Migrating to CreateUsers (20140719233540)
  [1m[35m (0.1ms)[0m  BEGIN
  [1m[36m (5.8ms)[0m  [1mCREATE TABLE "users" ("id" serial primary key, "name" character varying(255), "email" character varying(255), "created_at" timestamp, "updated_at" timestamp) [0m
PG::DuplicateTable: ERROR:  ãƒªãƒ¬ãƒ¼ã‚·ãƒ§ãƒ³"users"ã¯ã™ã§ã«å­˜åœ¨ã—ã¾ã™
: CREATE TABLE "users" ("id" serial primary key, "name" character varying(255), "email" character varying(255), "created_at" timestamp, "updated_at" timestamp) 
  [1m[35m (0.1ms)[0m  ROLLBACK


Started GET "/users" for 127.0.0.1 at 2014-07-20 08:42:47 +0900
  [1m[36mActiveRecord::SchemaMigration Load (0.4ms)[0m  [1mSELECT "schema_migrations".* FROM "schema_migrations"[0m

ActiveRecord::PendingMigrationError (

Migrations are pending. To resolve this issue, run:

	bin/rake db:migrate RAILS_ENV=development

):
  activerecord (4.1.4) lib/active_record/migration.rb:389:in `check_pending!'
  activerecord (4.1.4) lib/active_record/migration.rb:377:in `call'
  actionpack (4.1.4) lib/action_dispatch/middleware/callbacks.rb:29:in `block in call'
  activesupport (4.1.4) lib/active_support/callbacks.rb:82:in `run_callbacks'
  actionpack (4.1.4) lib/action_dispatch/middleware/callbacks.rb:27:in `call'
  actionpack (4.1.4) lib/action_dispatch/middleware/reloader.rb:73:in `call'
  actionpack (4.1.4) lib/action_dispatch/middleware/remote_ip.rb:76:in `call'
  actionpack (4.1.4) lib/action_dispatch/middleware/debug_exceptions.rb:17:in `call'
  actionpack (4.1.4) lib/action_dispatch/middleware/show_exceptions.rb:30:in `call'
  railties (4.1.4) lib/rails/rack/logger.rb:38:in `call_app'
  railties (4.1.4) lib/rails/rack/logger.rb:20:in `block in call'
  activesupport (4.1.4) lib/active_support/tagged_logging.rb:68:in `block in tagged'
  activesupport (4.1.4) lib/active_support/tagged_logging.rb:26:in `tagged'
  activesupport (4.1.4) lib/active_support/tagged_logging.rb:68:in `tagged'
  railties (4.1.4) lib/rails/rack/logger.rb:20:in `call'
  actionpack (4.1.4) lib/action_dispatch/middleware/request_id.rb:21:in `call'
  rack (1.5.2) lib/rack/methodoverride.rb:21:in `call'
  rack (1.5.2) lib/rack/runtime.rb:17:in `call'
  activesupport (4.1.4) lib/active_support/cache/strategy/local_cache_middleware.rb:26:in `call'
  rack (1.5.2) lib/rack/lock.rb:17:in `call'
  actionpack (4.1.4) lib/action_dispatch/middleware/static.rb:64:in `call'
  rack (1.5.2) lib/rack/sendfile.rb:112:in `call'
  railties (4.1.4) lib/rails/engine.rb:514:in `call'
  railties (4.1.4) lib/rails/application.rb:144:in `call'
  rack (1.5.2) lib/rack/lock.rb:17:in `call'
  rack (1.5.2) lib/rack/content_length.rb:14:in `call'
  rack (1.5.2) lib/rack/handler/webrick.rb:60:in `service'
  /home/kojima/.rbenv/versions/2.1.2/lib/ruby/2.1.0/webrick/httpserver.rb:138:in `service'
  /home/kojima/.rbenv/versions/2.1.2/lib/ruby/2.1.0/webrick/httpserver.rb:94:in `run'
  /home/kojima/.rbenv/versions/2.1.2/lib/ruby/2.1.0/webrick/server.rb:295:in `block in start_thread'


  Rendered /home/kojima/.rbenv/versions/2.1.2/lib/ruby/gems/2.1.0/gems/actionpack-4.1.4/lib/action_dispatch/middleware/templates/rescues/_source.erb (0.7ms)
  Rendered /home/kojima/.rbenv/versions/2.1.2/lib/ruby/gems/2.1.0/gems/actionpack-4.1.4/lib/action_dispatch/middleware/templates/rescues/_trace.html.erb (1.4ms)
  Rendered /home/kojima/.rbenv/versions/2.1.2/lib/ruby/gems/2.1.0/gems/actionpack-4.1.4/lib/action_dispatch/middleware/templates/rescues/_request_and_response.html.erb (1.5ms)
  Rendered /home/kojima/.rbenv/versions/2.1.2/lib/ruby/gems/2.1.0/gems/actionpack-4.1.4/lib/action_dispatch/middleware/templates/rescues/diagnostics.erb within rescues/layout (17.3ms)
  [1m[36mActiveRecord::SchemaMigration Load (0.4ms)[0m  [1mSELECT "schema_migrations".* FROM "schema_migrations"[0m
Migrating to CreateUsers (20140719233540)
  [1m[35m (0.1ms)[0m  BEGIN
  [1m[36m (6.2ms)[0m  [1mCREATE TABLE "users" ("id" serial primary key, "name" character varying(255), "email" character varying(255), "created_at" timestamp, "updated_at" timestamp) [0m
PG::DuplicateTable: ERROR:  ãƒªãƒ¬ãƒ¼ã‚·ãƒ§ãƒ³"users"ã¯ã™ã§ã«å­˜åœ¨ã—ã¾ã™
: CREATE TABLE "users" ("id" serial primary key, "name" character varying(255), "email" character varying(255), "created_at" timestamp, "updated_at" timestamp) 
  [1m[35m (0.1ms)[0m  ROLLBACK
  [1m[36m (3.3ms)[0m  [1mCREATE TABLE "schema_migrations" ("version" character varying(255) NOT NULL) [0m
  [1m[35m (3.9ms)[0m  CREATE UNIQUE INDEX  "unique_schema_migrations" ON "schema_migrations"  ("version")
  [1m[36mActiveRecord::SchemaMigration Load (0.4ms)[0m  [1mSELECT "schema_migrations".* FROM "schema_migrations"[0m
Migrating to CreateUsers (20140719233540)
  [1m[35m (0.1ms)[0m  BEGIN
  [1m[36m (5.8ms)[0m  [1mCREATE TABLE "users" ("id" serial primary key, "name" character varying(255), "email" character varying(255), "created_at" timestamp, "updated_at" timestamp) [0m
  [1m[35mSQL (1.5ms)[0m  INSERT INTO "schema_migrations" ("version") VALUES ($1)  [["version", "20140719233540"]]
  [1m[36m (0.6ms)[0m  [1mCOMMIT[0m
  [1m[35mActiveRecord::SchemaMigration Load (0.3ms)[0m  SELECT "schema_migrations".* FROM "schema_migrations"


Started GET "/users" for 127.0.0.1 at 2014-07-20 08:45:44 +0900
  [1m[36mActiveRecord::SchemaMigration Load (0.5ms)[0m  [1mSELECT "schema_migrations".* FROM "schema_migrations"[0m
Processing by UsersController#index as HTML
  [1m[35mUser Load (0.7ms)[0m  SELECT "users".* FROM "users"
  Rendered users/index.html.erb within layouts/application (3.3ms)
Completed 200 OK in 435ms (Views: 408.2ms | ActiveRecord: 0.7ms)


Started GET "/assets/scaffolds.css?body=1" for 127.0.0.1 at 2014-07-20 08:45:44 +0900


Started GET "/assets/users.css?body=1" for 127.0.0.1 at 2014-07-20 08:45:44 +0900


Started GET "/assets/turbolinks.js?body=1" for 127.0.0.1 at 2014-07-20 08:45:44 +0900


Started GET "/assets/jquery.js?body=1" for 127.0.0.1 at 2014-07-20 08:45:44 +0900


Started GET "/assets/jquery_ujs.js?body=1" for 127.0.0.1 at 2014-07-20 08:45:44 +0900


Started GET "/assets/users.js?body=1" for 127.0.0.1 at 2014-07-20 08:45:44 +0900


Started GET "/assets/application.css?body=1" for 127.0.0.1 at 2014-07-20 08:45:44 +0900


Started GET "/assets/application.js?body=1" for 127.0.0.1 at 2014-07-20 08:45:45 +0900


Started GET "/users/new" for 127.0.0.1 at 2014-07-20 08:45:48 +0900
Processing by UsersController#new as HTML
  Rendered users/_form.html.erb (38.1ms)
  Rendered users/new.html.erb within layouts/application (46.4ms)
Completed 200 OK in 65ms (Views: 55.3ms | ActiveRecord: 6.6ms)


Started POST "/users" for 127.0.0.1 at 2014-07-20 08:45:56 +0900
Processing by UsersController#create as HTML
  Parameters: {"utf8"=>"âœ“", "authenticity_token"=>"2fP2LGS3yiKwYSmT1lC5MlevSXVEajnYl/aMhWrDsfg=", "user"=>{"name"=>"aaa", "email"=>"bbb"}, "commit"=>"Create User"}
  [1m[36m (0.2ms)[0m  [1mBEGIN[0m
  [1m[35mSQL (4.4ms)[0m  INSERT INTO "users" ("created_at", "email", "name", "updated_at") VALUES ($1, $2, $3, $4) RETURNING "id"  [["created_at", "2014-07-19 23:45:56.345384"], ["email", "bbb"], ["name", "aaa"], ["updated_at", "2014-07-19 23:45:56.345384"]]
  [1m[36m (0.8ms)[0m  [1mCOMMIT[0m
Redirected to http://localhost:3000/users/1
Completed 302 Found in 23ms (ActiveRecord: 5.6ms)


Started GET "/users/1" for 127.0.0.1 at 2014-07-20 08:45:56 +0900
Processing by UsersController#show as HTML
  Parameters: {"id"=>"1"}
  [1m[35mUser Load (0.3ms)[0m  SELECT  "users".* FROM "users"  WHERE "users"."id" = $1 LIMIT 1  [["id", 1]]
  Rendered users/show.html.erb within layouts/application (0.9ms)
Completed 200 OK in 10ms (Views: 6.8ms | ActiveRecord: 0.3ms)


Started GET "/assets/users.css?body=1" for 127.0.0.1 at 2014-07-20 08:45:56 +0900


Started GET "/assets/jquery_ujs.js?body=1" for 127.0.0.1 at 2014-07-20 08:45:56 +0900


Started GET "/assets/application.css?body=1" for 127.0.0.1 at 2014-07-20 08:45:56 +0900


Started GET "/assets/turbolinks.js?body=1" for 127.0.0.1 at 2014-07-20 08:45:56 +0900


Started GET "/assets/jquery.js?body=1" for 127.0.0.1 at 2014-07-20 08:45:56 +0900


Started GET "/assets/scaffolds.css?body=1" for 127.0.0.1 at 2014-07-20 08:45:56 +0900


Started GET "/assets/application.js?body=1" for 127.0.0.1 at 2014-07-20 08:45:56 +0900


Started GET "/assets/users.js?body=1" for 127.0.0.1 at 2014-07-20 08:45:56 +0900


Started GET "/users" for 127.0.0.1 at 2014-07-20 08:45:59 +0900
Processing by UsersController#index as HTML
  [1m[36mUser Load (1.3ms)[0m  [1mSELECT "users".* FROM "users"[0m
  Rendered users/index.html.erb within layouts/application (6.0ms)
Completed 200 OK in 18ms (Views: 12.4ms | ActiveRecord: 1.3ms)
